MIG: 22:11:51 : Running customizer.xit
MIG: 22:11:51 : ################# RUNNING MIG INTERACTIVE ###################
MIG: 22:11:51 : Writing IN file for 'design_ps_pl_mig_7series_0_0'...compDirPath: /opt/Xilinx/Vivado/2016.2/data/ip/xilinx/mig_7series_v4_0... instDirPath: /home/lorenzogomez/.Xil/Vivado-481555-pop-os/coregen/design_ps_pl_mig_7series_0_0
MIG: 22:11:51 : synp_flow:  -- synthesis_mode: Other
MIG: 22:11:51 : outputDirectory: /home/lorenzogomez/.Xil/Vivado-481555-pop-os/coregen/design_ps_pl_mig_7series_0_0/_tmp/
MIG: 22:11:51 : vivado_mode: xpg_bd
MIG: 22:11:51 :  locked false  
MIG: 22:11:51 : HDL Language: Verilog
MIG: 22:11:51 : compInfo: false
MIG: 22:11:51 : relative mig path: coregen/ip/xilinx/other/com/xilinx/ip/mig_7series_v4_0/bin/lin64/mig
MIG: 22:11:51 : xilinx_path: /opt/Xilinx/Vivado/2016.2/ids_lite/ISE
MIG: 22:11:51 : I am in catch area
MIG: 22:11:51 : Running /opt/Xilinx/Vivado/2016.2/ids_lite/ISE/coregen/ip/xilinx/other/com/xilinx/ip/mig_7series_v4_0/bin/lin64/mig -cg_exc_inp /home/lorenzogomez/.Xil/Vivado-481555-pop-os/coregen/design_ps_pl_mig_7series_0_0/xil_txt.in -cg_exc_out /home/lorenzogomez/.Xil/Vivado-481555-pop-os/coregen/design_ps_pl_mig_7series_0_0/xil_txt.out ... 
MIG: 22:14:27 : Prasad before: xmlPropertyPrj -- .prj
MIG: 22:14:27 : Prasad After: xmlPropertyPrj -- mig_a.prj
MIG: 22:14:27 : XML_INPUT_FILE: /home/lorenzogomez/.Xil/Vivado-481555-pop-os/coregen/design_ps_pl_mig_7series_0_0/mig_a.prj
MIG: 22:14:27 : Component_Name: design_ps_pl_mig_7series_0_0
MIG: 22:14:27 : Moving design_ps_pl_mig_7series_0_0 ...
MIG: 22:14:27 : Moving design_ps_pl_mig_7series_0_0_xmdf.tcl ...
MIG: 22:14:27 : Moving design_ps_pl_mig_7series_0_0.veo ...
MIG: 22:14:27 : Sending back 0
MIG: 22:14:27 : xml_input_file: mig_a.prj
MIG: 22:14:27 : Absolute path of xml_input_file: /home/lorenzogomez/half_adder/half_adder.srcs/sources_1/bd/design_ps_pl/ip/design_ps_pl_mig_7series_0_0/mig_a.prj
MIG: 22:14:27 : xml_input_file: mig_a.prj
MIG: 22:14:27 : Absolute path of xml_input_file: /home/lorenzogomez/half_adder/half_adder.srcs/sources_1/bd/design_ps_pl/ip/design_ps_pl_mig_7series_0_0/mig_a.prj
MIG: 22:14:27 : In updateAllModelParams
MIG: 22:14:27 : IGN:     <ModuleName>design_ps_pl_mig_7series_0_0</ModuleName> <==>     <ModuleName>design_ps_pl_mig_7series_0_0</ModuleName> 
MIG: 22:14:27 : IGN:         <InputClkFreq>400</InputClkFreq> <==>         <InputClkFreq>400</InputClkFreq> 
MIG: 22:14:27 : XGUI hdlLanguage: Verilog
MIG: 22:14:27 : xgui vivado_mode: xpg_bd
MIG: 22:14:27 : xgui hdlLanguage: Verilog -- hdlExt: v
MIG: 22:14:27 : Reading /home/lorenzogomez/half_adder/half_adder.srcs/sources_1/bd/design_ps_pl/ip/design_ps_pl_mig_7series_0_0/design_ps_pl_mig_7series_0_0/user_design/rtl/design_ps_pl_mig_7series_0_0_mig.v ...
MIG: 22:14:27 : 1
MIG: 22:14:27 : Inside fn mem: DDR3
MIG: 22:14:27 : QDRII+ Inside fn ui: 100000000
MIG: 22:14:27 : cntrl:  memtype: DDR3
MIG: 22:14:27 : 800
MIG: 22:14:27 :  MMCM_VCO single ctrl param_name: MMCM_VCO --  possibleMaxVcoVal: 800 
MIG: 22:14:27 : 
MIG: 22:14:27 : 1
MIG: 22:14:27 : 100000000
MIG: 22:14:27 : 
MIG: 22:14:27 :  polarity_value: 1
MIG: 22:14:27 : 
MIG: 22:14:27 : 
MIG: 22:14:27 : cntrl:  memtype: DDR3
MIG: 22:14:27 : 
MIG: 22:14:27 :  Valid Param: DDR3_BANK_WIDTH ==> 3
MIG: 22:14:27 : 
MIG: 22:14:27 :  Valid Param: DDR3_CK_WIDTH ==> 1
MIG: 22:14:27 :  Invalid Param: DDR3_COL_WIDTH ==> 10
MIG: 22:14:27 : 
MIG: 22:14:27 :  Valid Param: DDR3_CS_WIDTH ==> 1
MIG: 22:14:27 : 
MIG: 22:14:27 :  Valid Param: DDR3_nCS_PER_RANK ==> 1
MIG: 22:14:27 : 
MIG: 22:14:27 :  Valid Param: DDR3_CKE_WIDTH ==> 1
MIG: 22:14:27 :  Invalid Param: DDR3_DATA_BUF_ADDR_WIDTH ==> 5
MIG: 22:14:27 :  Invalid Param: DDR3_DQ_CNT_WIDTH ==> 3
MIG: 22:14:27 :  Invalid Param: DDR3_DQ_PER_DM ==> 8
MIG: 22:14:27 : 
MIG: 22:14:27 :  Valid Param: DDR3_DM_WIDTH ==> 1
MIG: 22:14:27 : 
MIG: 22:14:27 :  Valid Param: DDR3_DQ_WIDTH ==> 8
MIG: 22:14:27 : 
MIG: 22:14:27 :  Valid Param: DDR3_DQS_WIDTH ==> 1
MIG: 22:14:27 : 
MIG: 22:14:27 :  Valid Param: DDR3_DQS_CNT_WIDTH ==> 1
MIG: 22:14:27 :  Invalid Param: DDR3_DRAM_WIDTH ==> 8
MIG: 22:14:27 : 
MIG: 22:14:27 :  Valid Param: ECC ==> OFF
MIG: 22:14:27 : 
MIG: 22:14:27 :  Valid Param: DDR3_DATA_WIDTH ==> 8
MIG: 22:14:27 :  Invalid Param: ECC_TEST ==> "OFF"
MIG: 22:14:27 :  Invalid Param: DDR3_PAYLOAD_WIDTH ==> (ECC_TEST == "OFF") ? DATA_WIDTH : DQ_WIDTH
MIG: 22:14:27 :  Invalid Param: DDR3_MEM_ADDR_ORDER ==> "BANK_ROW_COLUMN"
MIG: 22:14:27 :  Invalid Param: DDR3_nBANK_MACHS ==> 4
MIG: 22:14:27 :  Invalid Param: DDR3_RANKS ==> 1
MIG: 22:14:27 : 
MIG: 22:14:27 :  Valid Param: DDR3_ODT_WIDTH ==> 1
MIG: 22:14:27 : 
MIG: 22:14:27 :  Valid Param: DDR3_ROW_WIDTH ==> 14
MIG: 22:14:27 : 28
MIG: 22:14:27 :  Valid Param: DDR3_ADDR_WIDTH ==> 28
MIG: 22:14:27 : 
MIG: 22:14:27 :  Valid Param: DDR3_USE_CS_PORT ==> 1
MIG: 22:14:27 : 
MIG: 22:14:27 :  Valid Param: DDR3_USE_DM_PORT ==> 1
MIG: 22:14:27 : 
MIG: 22:14:27 :  Valid Param: DDR3_USE_ODT_PORT ==> 1
MIG: 22:14:27 :  Invalid Param: DDR3_IS_CLK_SHARED ==> "FALSE"
MIG: 22:14:27 :  Invalid Param: DDR3_PHY_CONTROL_MASTER_BANK ==> 0
MIG: 22:14:27 :  Invalid Param: DDR3_MEM_DENSITY ==> "1Gb"
MIG: 22:14:27 :  Invalid Param: DDR3_MEM_SPEEDGRADE ==> "125"
MIG: 22:14:27 :  Invalid Param: DDR3_MEM_DEVICE_WIDTH ==> 8
MIG: 22:14:27 :  Invalid Param: DDR3_AL ==> "0"
MIG: 22:14:27 :  Invalid Param: DDR3_nAL ==> 0
MIG: 22:14:27 :  Invalid Param: DDR3_BURST_MODE ==> "8"
MIG: 22:14:27 :  Invalid Param: DDR3_BURST_TYPE ==> "SEQ"
MIG: 22:14:27 :  Invalid Param: DDR3_CL ==> 6
MIG: 22:14:27 :  Invalid Param: DDR3_CWL ==> 5
MIG: 22:14:27 :  Invalid Param: DDR3_OUTPUT_DRV ==> "HIGH"
MIG: 22:14:27 :  Invalid Param: DDR3_RTT_NOM ==> "60"
MIG: 22:14:27 :  Invalid Param: DDR3_RTT_WR ==> "OFF"
MIG: 22:14:27 :  Invalid Param: DDR3_ADDR_CMD_MODE ==> "1T"
MIG: 22:14:27 : 
MIG: 22:14:27 :  Valid Param: DDR3_REG_CTRL ==> OFF
MIG: 22:14:27 :  Invalid Param: DDR3_CA_MIRROR ==> "OFF"
MIG: 22:14:27 :  Invalid Param: DDR3_VDD_OP_VOLT ==> "150"
MIG: 22:14:27 :  Invalid Param: DDR3_CLKIN_PERIOD ==> 2500
MIG: 22:14:27 :  Invalid Param: DDR3_CLKFBOUT_MULT ==> 2
MIG: 22:14:27 :  Invalid Param: DDR3_DIVCLK_DIVIDE ==> 1
MIG: 22:14:27 :  Invalid Param: DDR3_CLKOUT0_PHASE ==> 337.5
MIG: 22:14:27 :  Invalid Param: DDR3_CLKOUT0_DIVIDE ==> 2
MIG: 22:14:27 :  Invalid Param: DDR3_CLKOUT1_DIVIDE ==> 2
MIG: 22:14:27 :  Invalid Param: DDR3_CLKOUT2_DIVIDE ==> 32
MIG: 22:14:27 :  Invalid Param: DDR3_CLKOUT3_DIVIDE ==> 8
MIG: 22:14:27 :  Invalid Param: DDR3_MMCM_VCO ==> 800
MIG: 22:14:27 :  Invalid Param: DDR3_MMCM_MULT_F ==> 8
MIG: 22:14:27 :  Invalid Param: DDR3_MMCM_DIVCLK_DIVIDE ==> 1
MIG: 22:14:27 :  Invalid Param: DDR3_tCKE ==> 5000
MIG: 22:14:27 :  Invalid Param: DDR3_tFAW ==> 30000
MIG: 22:14:27 :  Invalid Param: DDR3_tPRDI ==> 1_000_000
MIG: 22:14:27 :  Invalid Param: DDR3_tRAS ==> 35000
MIG: 22:14:27 :  Invalid Param: DDR3_tRCD ==> 13750
MIG: 22:14:27 :  Invalid Param: DDR3_tREFI ==> 7800000
MIG: 22:14:27 :  Invalid Param: DDR3_tRFC ==> 110000
MIG: 22:14:27 :  Invalid Param: DDR3_tRP ==> 13750
MIG: 22:14:27 :  Invalid Param: DDR3_tRRD ==> 6000
MIG: 22:14:27 :  Invalid Param: DDR3_tRTP ==> 7500
MIG: 22:14:27 :  Invalid Param: DDR3_tWTR ==> 7500
MIG: 22:14:27 :  Invalid Param: DDR3_tZQI ==> 128_000_000
MIG: 22:14:27 :  Invalid Param: DDR3_tZQCS ==> 64
MIG: 22:14:27 :  Invalid Param: DDR3_SIM_BYPASS_INIT_CAL ==> "OFF"
MIG: 22:14:27 :  Invalid Param: DDR3_SIMULATION ==> "FALSE"
MIG: 22:14:27 :  Invalid Param: DDR3_BYTE_LANES_B0 ==> 4'b1111
MIG: 22:14:27 :  Invalid Param: DDR3_BYTE_LANES_B1 ==> 4'b0000
MIG: 22:14:27 :  Invalid Param: DDR3_BYTE_LANES_B2 ==> 4'b0000
MIG: 22:14:27 :  Invalid Param: DDR3_BYTE_LANES_B3 ==> 4'b0000
MIG: 22:14:27 :  Invalid Param: DDR3_BYTE_LANES_B4 ==> 4'b0000
MIG: 22:14:27 :  Invalid Param: DDR3_DATA_CTL_B0 ==> 4'b0001
MIG: 22:14:27 :  Invalid Param: DDR3_DATA_CTL_B1 ==> 4'b0000
MIG: 22:14:27 :  Invalid Param: DDR3_DATA_CTL_B2 ==> 4'b0000
MIG: 22:14:27 :  Invalid Param: DDR3_DATA_CTL_B3 ==> 4'b0000
MIG: 22:14:27 :  Invalid Param: DDR3_DATA_CTL_B4 ==> 4'b0000
MIG: 22:14:27 :  Invalid Param: DDR3_PHY_0_BITLANES ==> 48'h3FE_FFF_C00_2FF
MIG: 22:14:27 :  Invalid Param: DDR3_PHY_1_BITLANES ==> 48'h000_000_000_000
MIG: 22:14:27 :  Invalid Param: DDR3_PHY_2_BITLANES ==> 48'h000_000_000_000
MIG: 22:14:27 :  Invalid Param: DDR3_CK_BYTE_MAP ==> 144'h00_00_00_00_00_00_00_00_00_00_00_00_00_00_00_00_00_03
MIG: 22:14:27 :  Invalid Param: DDR3_ADDR_MAP ==> 192'h000_000_039_038_037_036_035_034_033_032_031_029_028_027_026_02B
MIG: 22:14:27 :  Invalid Param: DDR3_BANK_MAP ==> 36'h02A_025_024
MIG: 22:14:27 :  Invalid Param: DDR3_CAS_MAP ==> 12'h022
MIG: 22:14:27 :  Invalid Param: DDR3_CKE_ODT_BYTE_MAP ==> 8'h00
MIG: 22:14:27 :  Invalid Param: DDR3_CKE_MAP ==> 96'h000_000_000_000_000_000_000_01B
MIG: 22:14:27 :  Invalid Param: DDR3_ODT_MAP ==> 96'h000_000_000_000_000_000_000_01A
MIG: 22:14:27 :  Invalid Param: DDR3_CS_MAP ==> 120'h000_000_000_000_000_000_000_000_000_020
MIG: 22:14:27 :  Invalid Param: DDR3_PARITY_MAP ==> 12'h000
MIG: 22:14:27 :  Invalid Param: DDR3_RAS_MAP ==> 12'h023
MIG: 22:14:27 :  Invalid Param: DDR3_WE_MAP ==> 12'h021
MIG: 22:14:27 :  Invalid Param: DDR3_DQS_BYTE_MAP ==> 144'h00_00_00_00_00_00_00_00_00_00_00_00_00_00_00_00_00_00
MIG: 22:14:27 :  Invalid Param: DDR3_DATA0_MAP ==> 96'h000_001_002_003_004_005_006_007
MIG: 22:14:27 :  Invalid Param: DDR3_DATA1_MAP ==> 96'h000_000_000_000_000_000_000_000
MIG: 22:14:27 :  Invalid Param: DDR3_DATA2_MAP ==> 96'h000_000_000_000_000_000_000_000
MIG: 22:14:27 :  Invalid Param: DDR3_DATA3_MAP ==> 96'h000_000_000_000_000_000_000_000
MIG: 22:14:27 :  Invalid Param: DDR3_DATA4_MAP ==> 96'h000_000_000_000_000_000_000_000
MIG: 22:14:27 :  Invalid Param: DDR3_DATA5_MAP ==> 96'h000_000_000_000_000_000_000_000
MIG: 22:14:27 :  Invalid Param: DDR3_DATA6_MAP ==> 96'h000_000_000_000_000_000_000_000
MIG: 22:14:27 :  Invalid Param: DDR3_DATA7_MAP ==> 96'h000_000_000_000_000_000_000_000
MIG: 22:14:27 :  Invalid Param: DDR3_DATA8_MAP ==> 96'h000_000_000_000_000_000_000_000
MIG: 22:14:27 :  Invalid Param: DDR3_DATA9_MAP ==> 96'h000_000_000_000_000_000_000_000
MIG: 22:14:27 :  Invalid Param: DDR3_DATA10_MAP ==> 96'h000_000_000_000_000_000_000_000
MIG: 22:14:27 :  Invalid Param: DDR3_DATA11_MAP ==> 96'h000_000_000_000_000_000_000_000
MIG: 22:14:27 :  Invalid Param: DDR3_DATA12_MAP ==> 96'h000_000_000_000_000_000_000_000
MIG: 22:14:27 :  Invalid Param: DDR3_DATA13_MAP ==> 96'h000_000_000_000_000_000_000_000
MIG: 22:14:27 :  Invalid Param: DDR3_DATA14_MAP ==> 96'h000_000_000_000_000_000_000_000
MIG: 22:14:27 :  Invalid Param: DDR3_DATA15_MAP ==> 96'h000_000_000_000_000_000_000_000
MIG: 22:14:27 :  Invalid Param: DDR3_DATA16_MAP ==> 96'h000_000_000_000_000_000_000_000
MIG: 22:14:27 :  Invalid Param: DDR3_DATA17_MAP ==> 96'h000_000_000_000_000_000_000_000
MIG: 22:14:27 :  Invalid Param: DDR3_MASK0_MAP ==> 108'h000_000_000_000_000_000_000_000_009
MIG: 22:14:27 :  Invalid Param: DDR3_MASK1_MAP ==> 108'h000_000_000_000_000_000_000_000_000
MIG: 22:14:27 :  Invalid Param: DDR3_SLOT_0_CONFIG ==> 8'b0000_0001
MIG: 22:14:27 :  Invalid Param: DDR3_SLOT_1_CONFIG ==> 8'b0000_0000
MIG: 22:14:27 :  Invalid Param: DDR3_IBUF_LPWR_MODE ==> "OFF"
MIG: 22:14:27 :  Invalid Param: DDR3_DATA_IO_IDLE_PWRDWN ==> "ON"
MIG: 22:14:27 :  Invalid Param: DDR3_BANK_TYPE ==> "HR_IO"
MIG: 22:14:27 :  Invalid Param: DDR3_DATA_IO_PRIM_TYPE ==> "HR_LP"
MIG: 22:14:27 :  Invalid Param: DDR3_CKE_ODT_AUX ==> "FALSE"
MIG: 22:14:27 :  Invalid Param: DDR3_USER_REFRESH ==> "OFF"
MIG: 22:14:27 :  Invalid Param: DDR3_WRLVL ==> "ON"
MIG: 22:14:27 :  Invalid Param: DDR3_ORDERING ==> "NORM"
MIG: 22:14:27 :  Invalid Param: DDR3_CALIB_ROW_ADD ==> 16'h0000
MIG: 22:14:27 :  Invalid Param: DDR3_CALIB_COL_ADD ==> 12'h000
MIG: 22:14:27 :  Invalid Param: DDR3_CALIB_BA_ADD ==> 3'h0
MIG: 22:14:27 :  Invalid Param: DDR3_TCQ ==> 100
MIG: 22:14:27 :  Invalid Param: DDR3_IDELAY_ADJ ==> "OFF"
MIG: 22:14:27 :  Invalid Param: DDR3_FINE_PER_BIT ==> "OFF"
MIG: 22:14:27 :  Invalid Param: DDR3_CENTER_COMP_MODE ==> "OFF"
MIG: 22:14:27 :  Invalid Param: DDR3_PI_VAL_ADJ ==> "OFF"
MIG: 22:14:27 :  Invalid Param: DDR3_IODELAY_GRP0 ==> "DESIGN_PS_PL_MIG_7SERIES_0_0_IODELAY_MIG0"
MIG: 22:14:27 :  Invalid Param: DDR3_IODELAY_GRP1 ==> "DESIGN_PS_PL_MIG_7SERIES_0_0_IODELAY_MIG1"
MIG: 22:14:27 :  Invalid Param: DDR3_SYSCLK_TYPE ==> "DIFFERENTIAL"
MIG: 22:14:27 :  Invalid Param: DDR3_REFCLK_TYPE ==> "DIFFERENTIAL"
MIG: 22:14:27 :  Invalid Param: DDR3_SYS_RST_PORT ==> "FALSE"
MIG: 22:14:27 :  Invalid Param: DDR3_FPGA_SPEED_GRADE ==> 1
MIG: 22:14:27 :  Invalid Param: DDR3_CMD_PIPE_PLUS1 ==> "ON"
MIG: 22:14:27 :  Invalid Param: DDR3_DRAM_TYPE ==> "DDR3"
MIG: 22:14:27 :  Invalid Param: DDR3_CAL_WIDTH ==> "HALF"
MIG: 22:14:27 :  Invalid Param: DDR3_STARVE_LIMIT ==> 2
MIG: 22:14:27 :  Invalid Param: DDR3_REF_CLK_MMCM_IODELAY_CTRL ==> "FALSE"
MIG: 22:14:27 :  Invalid Param: DDR3_REFCLK_FREQ ==> 200.0
MIG: 22:14:27 :  Invalid Param: DDR3_DIFF_TERM_REFCLK ==> "TRUE"
MIG: 22:14:27 :  Invalid Param: DDR3_tCK ==> 2500
MIG: 22:14:27 : 4
MIG: 22:14:27 :  Valid Param: DDR3_nCK_PER_CLK ==> 4
MIG: 22:14:27 :  Invalid Param: DDR3_DIFF_TERM_SYSCLK ==> "FALSE"
MIG: 22:14:27 : 
MIG: 22:14:27 :  Valid Param: UI_EXTRA_CLOCKS ==> FALSE
MIG: 22:14:27 : 
MIG: 22:14:27 :  Valid Param: C_S_AXI_ID_WIDTH ==> 4
MIG: 22:14:27 : 134217728
MIG: 22:14:27 :  Valid Param: C_S_AXI_MEM_SIZE ==> 134217728
MIG: 22:14:27 : 27
MIG: 22:14:27 :  Valid Param: C_S_AXI_ADDR_WIDTH ==> 27
MIG: 22:14:27 : 64
MIG: 22:14:27 :  Valid Param: C_S_AXI_DATA_WIDTH ==> 64
MIG: 22:14:27 :  Invalid Param: DDR3_C_MC_nCK_PER_CLK ==> 4
MIG: 22:14:27 :  Invalid Param: C_S_AXI_SUPPORTS_NARROW_BURST ==> 0
MIG: 22:14:27 :  Invalid Param: DDR3_C_RD_WR_ARB_ALGORITHM ==> "RD_PRI_REG"
MIG: 22:14:27 :  Invalid Param: C_S_AXI_REG_EN0 ==> 20'h00000
MIG: 22:14:27 :  Invalid Param: C_S_AXI_REG_EN1 ==> 20'h00000
MIG: 22:14:27 : 
MIG: 22:14:27 :  Valid Param: C_S_AXI_CTRL_ADDR_WIDTH ==> 32
MIG: 22:14:27 : 
MIG: 22:14:27 :  Valid Param: C_S_AXI_CTRL_DATA_WIDTH ==> 32
MIG: 22:14:27 :  Invalid Param: C_S_AXI_BASEADDR ==> 32'h0000_0000
MIG: 22:14:27 :  Invalid Param: C_ECC_ONOFF_RESET_VALUE ==> 1
MIG: 22:14:27 :  Invalid Param: C_ECC_CE_COUNTER_WIDTH ==> 8
MIG: 22:14:27 : 
MIG: 22:14:27 :  Valid Param: DDR3_DEBUG_PORT ==> OFF
MIG: 22:14:27 : 
MIG: 22:14:27 :  Invalid Param: DDR3_TEMP_MON_CONTROL ==> "INTERNAL"
MIG: 22:14:27 :  Invalid Param: DDR3_FPGA_VOLT_TYPE ==> "N"
MIG: 22:14:27 :  Invalid Param: DDR3_RST_ACT_LOW ==> 1
MIG: 22:14:27 : 
MIG: 22:14:27 : 
MIG: 22:14:27 : 
MIG: 22:14:27 : Same Interface
MIG: 22:25:34 : Running customizer.xit
MIG: 22:25:34 : ################# RUNNING MIG INTERACTIVE ###################
MIG: 22:25:34 : Writing IN file for 'design_ps_pl_mig_7series_0_0'...compDirPath: /opt/Xilinx/Vivado/2016.2/data/ip/xilinx/mig_7series_v4_0... instDirPath: /home/lorenzogomez/.Xil/Vivado-481555-pop-os/coregen/design_ps_pl_mig_7series_0_0
MIG: 22:25:34 : synp_flow:  -- synthesis_mode: Other
MIG: 22:25:34 : outputDirectory: /home/lorenzogomez/.Xil/Vivado-481555-pop-os/coregen/design_ps_pl_mig_7series_0_0/_tmp/
MIG: 22:25:34 : vivado_mode: xpg_bd
MIG: 22:25:34 :  locked false  
MIG: 22:25:34 : HDL Language: Verilog
MIG: 22:25:34 : compInfo: false
MIG: 22:25:34 : Vivado Options xc7z020 clg484 -1
MIG: 22:25:34 : 1: xc7z020 2: clg484 3: -1
MIG: 22:25:34 : relative mig path: coregen/ip/xilinx/other/com/xilinx/ip/mig_7series_v4_0/bin/lin64/mig
MIG: 22:25:34 : xilinx_path: /opt/Xilinx/Vivado/2016.2/ids_lite/ISE
MIG: 22:25:34 : I am in catch area
MIG: 22:25:34 : Running /opt/Xilinx/Vivado/2016.2/ids_lite/ISE/coregen/ip/xilinx/other/com/xilinx/ip/mig_7series_v4_0/bin/lin64/mig -cg_exc_inp /home/lorenzogomez/.Xil/Vivado-481555-pop-os/coregen/design_ps_pl_mig_7series_0_0/xil_txt.in -cg_exc_out /home/lorenzogomez/.Xil/Vivado-481555-pop-os/coregen/design_ps_pl_mig_7series_0_0/xil_txt.out ... 
MIG: 22:33:28 : Prasad before: xmlPropertyPrj -- mig_a.prj
MIG: 22:33:28 : Prasad After: xmlPropertyPrj -- mig_b.prj
MIG: 22:33:28 : XML_INPUT_FILE: /home/lorenzogomez/.Xil/Vivado-481555-pop-os/coregen/design_ps_pl_mig_7series_0_0/mig_b.prj
MIG: 22:33:28 : Component_Name: design_ps_pl_mig_7series_0_0
MIG: 22:33:28 : Moving design_ps_pl_mig_7series_0_0 ...
MIG: 22:33:28 : Moving design_ps_pl_mig_7series_0_0_xmdf.tcl ...
MIG: 22:33:28 : Moving design_ps_pl_mig_7series_0_0.veo ...
MIG: 22:33:28 : Sending back 0
MIG: 22:33:29 : xml_input_file: mig_b.prj
MIG: 22:33:29 : Absolute path of xml_input_file: /home/lorenzogomez/half_adder/half_adder.srcs/sources_1/bd/design_ps_pl/ip/design_ps_pl_mig_7series_0_0/mig_b.prj
MIG: 22:33:29 : xml_input_file: mig_b.prj
MIG: 22:33:29 : Absolute path of xml_input_file: /home/lorenzogomez/half_adder/half_adder.srcs/sources_1/bd/design_ps_pl/ip/design_ps_pl_mig_7series_0_0/mig_b.prj
MIG: 22:33:29 : In updateAllModelParams
MIG: 22:33:29 : IGN:     <ModuleName>design_ps_pl_mig_7series_0_0</ModuleName> <==>     <ModuleName>design_ps_pl_mig_7series_0_0</ModuleName> 
MIG: 22:33:29 : IGN:         <InputClkFreq>500</InputClkFreq> <==>         <InputClkFreq>500</InputClkFreq> 
MIG: 22:33:29 : XGUI hdlLanguage: Verilog
MIG: 22:33:29 : xgui vivado_mode: xpg_bd
MIG: 22:33:29 : xgui hdlLanguage: Verilog -- hdlExt: v
MIG: 22:33:29 : Reading /home/lorenzogomez/half_adder/half_adder.srcs/sources_1/bd/design_ps_pl/ip/design_ps_pl_mig_7series_0_0/design_ps_pl_mig_7series_0_0/user_design/rtl/design_ps_pl_mig_7series_0_0_mig.v ...
MIG: 22:33:29 : 
MIG: 22:33:29 : Inside fn mem: DDR3
MIG: 22:33:29 : QDRII+ Inside fn ui: 100000000
MIG: 22:33:29 : cntrl:  memtype: DDR3
MIG: 22:33:29 : 
MIG: 22:33:29 :  MMCM_VCO single ctrl param_name: MMCM_VCO --  possibleMaxVcoVal: 800 
MIG: 22:33:29 : 
MIG: 22:33:29 : 
MIG: 22:33:29 : 
MIG: 22:33:29 : 
MIG: 22:33:29 :  polarity_value: 1
MIG: 22:33:29 : 
MIG: 22:33:29 : 
MIG: 22:33:29 : cntrl:  memtype: DDR3
MIG: 22:33:29 : 
MIG: 22:33:29 :  Valid Param: DDR3_BANK_WIDTH ==> 3
MIG: 22:33:29 : 
MIG: 22:33:29 :  Valid Param: DDR3_CK_WIDTH ==> 1
MIG: 22:33:29 :  Invalid Param: DDR3_COL_WIDTH ==> 10
MIG: 22:33:29 : 
MIG: 22:33:29 :  Valid Param: DDR3_CS_WIDTH ==> 1
MIG: 22:33:29 : 
MIG: 22:33:29 :  Valid Param: DDR3_nCS_PER_RANK ==> 1
MIG: 22:33:29 : 
MIG: 22:33:29 :  Valid Param: DDR3_CKE_WIDTH ==> 1
MIG: 22:33:29 :  Invalid Param: DDR3_DATA_BUF_ADDR_WIDTH ==> 5
MIG: 22:33:29 :  Invalid Param: DDR3_DQ_CNT_WIDTH ==> 3
MIG: 22:33:29 :  Invalid Param: DDR3_DQ_PER_DM ==> 8
MIG: 22:33:29 : 
MIG: 22:33:29 :  Valid Param: DDR3_DM_WIDTH ==> 1
MIG: 22:33:29 : 
MIG: 22:33:29 :  Valid Param: DDR3_DQ_WIDTH ==> 8
MIG: 22:33:29 : 
MIG: 22:33:29 :  Valid Param: DDR3_DQS_WIDTH ==> 1
MIG: 22:33:29 : 
MIG: 22:33:29 :  Valid Param: DDR3_DQS_CNT_WIDTH ==> 1
MIG: 22:33:29 :  Invalid Param: DDR3_DRAM_WIDTH ==> 8
MIG: 22:33:29 : 
MIG: 22:33:29 :  Valid Param: ECC ==> OFF
MIG: 22:33:29 : 
MIG: 22:33:29 :  Valid Param: DDR3_DATA_WIDTH ==> 8
MIG: 22:33:29 :  Invalid Param: ECC_TEST ==> "OFF"
MIG: 22:33:29 :  Invalid Param: DDR3_PAYLOAD_WIDTH ==> (ECC_TEST == "OFF") ? DATA_WIDTH : DQ_WIDTH
MIG: 22:33:29 :  Invalid Param: DDR3_MEM_ADDR_ORDER ==> "BANK_ROW_COLUMN"
MIG: 22:33:29 :  Invalid Param: DDR3_nBANK_MACHS ==> 4
MIG: 22:33:29 :  Invalid Param: DDR3_RANKS ==> 1
MIG: 22:33:29 : 
MIG: 22:33:29 :  Valid Param: DDR3_ODT_WIDTH ==> 1
MIG: 22:33:29 : 
MIG: 22:33:29 :  Valid Param: DDR3_ROW_WIDTH ==> 14
MIG: 22:33:29 : 
MIG: 22:33:29 :  Valid Param: DDR3_ADDR_WIDTH ==> 28
MIG: 22:33:29 : 
MIG: 22:33:29 :  Valid Param: DDR3_USE_CS_PORT ==> 1
MIG: 22:33:29 : 
MIG: 22:33:29 :  Valid Param: DDR3_USE_DM_PORT ==> 1
MIG: 22:33:29 : 
MIG: 22:33:29 :  Valid Param: DDR3_USE_ODT_PORT ==> 1
MIG: 22:33:29 :  Invalid Param: DDR3_IS_CLK_SHARED ==> "FALSE"
MIG: 22:33:29 :  Invalid Param: DDR3_PHY_CONTROL_MASTER_BANK ==> 0
MIG: 22:33:29 :  Invalid Param: DDR3_MEM_DENSITY ==> "1Gb"
MIG: 22:33:29 :  Invalid Param: DDR3_MEM_SPEEDGRADE ==> "125"
MIG: 22:33:29 :  Invalid Param: DDR3_MEM_DEVICE_WIDTH ==> 8
MIG: 22:33:29 :  Invalid Param: DDR3_AL ==> "0"
MIG: 22:33:29 :  Invalid Param: DDR3_nAL ==> 0
MIG: 22:33:29 :  Invalid Param: DDR3_BURST_MODE ==> "8"
MIG: 22:33:29 :  Invalid Param: DDR3_BURST_TYPE ==> "SEQ"
MIG: 22:33:29 :  Invalid Param: DDR3_CL ==> 6
MIG: 22:33:29 :  Invalid Param: DDR3_CWL ==> 5
MIG: 22:33:29 :  Invalid Param: DDR3_OUTPUT_DRV ==> "HIGH"
MIG: 22:33:29 :  Invalid Param: DDR3_RTT_NOM ==> "60"
MIG: 22:33:29 :  Invalid Param: DDR3_RTT_WR ==> "OFF"
MIG: 22:33:29 :  Invalid Param: DDR3_ADDR_CMD_MODE ==> "1T"
MIG: 22:33:29 : 
MIG: 22:33:29 :  Valid Param: DDR3_REG_CTRL ==> OFF
MIG: 22:33:29 :  Invalid Param: DDR3_CA_MIRROR ==> "OFF"
MIG: 22:33:29 :  Invalid Param: DDR3_VDD_OP_VOLT ==> "150"
MIG: 22:33:29 :  Invalid Param: DDR3_CLKIN_PERIOD ==> 2000
MIG: 22:33:29 :  Invalid Param: DDR3_CLKFBOUT_MULT ==> 8
MIG: 22:33:29 :  Invalid Param: DDR3_DIVCLK_DIVIDE ==> 5
MIG: 22:33:29 :  Invalid Param: DDR3_CLKOUT0_PHASE ==> 337.5
MIG: 22:33:29 :  Invalid Param: DDR3_CLKOUT0_DIVIDE ==> 2
MIG: 22:33:29 :  Invalid Param: DDR3_CLKOUT1_DIVIDE ==> 2
MIG: 22:33:29 :  Invalid Param: DDR3_CLKOUT2_DIVIDE ==> 32
MIG: 22:33:29 :  Invalid Param: DDR3_CLKOUT3_DIVIDE ==> 8
MIG: 22:33:29 :  Invalid Param: DDR3_MMCM_VCO ==> 800
MIG: 22:33:29 :  Invalid Param: DDR3_MMCM_MULT_F ==> 8
MIG: 22:33:29 :  Invalid Param: DDR3_MMCM_DIVCLK_DIVIDE ==> 1
MIG: 22:33:29 :  Invalid Param: DDR3_tCKE ==> 5000
MIG: 22:33:29 :  Invalid Param: DDR3_tFAW ==> 30000
MIG: 22:33:29 :  Invalid Param: DDR3_tPRDI ==> 1_000_000
MIG: 22:33:29 :  Invalid Param: DDR3_tRAS ==> 35000
MIG: 22:33:29 :  Invalid Param: DDR3_tRCD ==> 13750
MIG: 22:33:29 :  Invalid Param: DDR3_tREFI ==> 7800000
MIG: 22:33:29 :  Invalid Param: DDR3_tRFC ==> 110000
MIG: 22:33:29 :  Invalid Param: DDR3_tRP ==> 13750
MIG: 22:33:29 :  Invalid Param: DDR3_tRRD ==> 6000
MIG: 22:33:29 :  Invalid Param: DDR3_tRTP ==> 7500
MIG: 22:33:29 :  Invalid Param: DDR3_tWTR ==> 7500
MIG: 22:33:29 :  Invalid Param: DDR3_tZQI ==> 128_000_000
MIG: 22:33:29 :  Invalid Param: DDR3_tZQCS ==> 64
MIG: 22:33:29 :  Invalid Param: DDR3_SIM_BYPASS_INIT_CAL ==> "OFF"
MIG: 22:33:29 :  Invalid Param: DDR3_SIMULATION ==> "FALSE"
MIG: 22:33:29 :  Invalid Param: DDR3_BYTE_LANES_B0 ==> 4'b1111
MIG: 22:33:29 :  Invalid Param: DDR3_BYTE_LANES_B1 ==> 4'b0000
MIG: 22:33:29 :  Invalid Param: DDR3_BYTE_LANES_B2 ==> 4'b0000
MIG: 22:33:29 :  Invalid Param: DDR3_BYTE_LANES_B3 ==> 4'b0000
MIG: 22:33:29 :  Invalid Param: DDR3_BYTE_LANES_B4 ==> 4'b0000
MIG: 22:33:29 :  Invalid Param: DDR3_DATA_CTL_B0 ==> 4'b0001
MIG: 22:33:29 :  Invalid Param: DDR3_DATA_CTL_B1 ==> 4'b0000
MIG: 22:33:29 :  Invalid Param: DDR3_DATA_CTL_B2 ==> 4'b0000
MIG: 22:33:29 :  Invalid Param: DDR3_DATA_CTL_B3 ==> 4'b0000
MIG: 22:33:29 :  Invalid Param: DDR3_DATA_CTL_B4 ==> 4'b0000
MIG: 22:33:29 :  Invalid Param: DDR3_PHY_0_BITLANES ==> 48'h3FE_FFF_C00_2FF
MIG: 22:33:29 :  Invalid Param: DDR3_PHY_1_BITLANES ==> 48'h000_000_000_000
MIG: 22:33:29 :  Invalid Param: DDR3_PHY_2_BITLANES ==> 48'h000_000_000_000
MIG: 22:33:29 :  Invalid Param: DDR3_CK_BYTE_MAP ==> 144'h00_00_00_00_00_00_00_00_00_00_00_00_00_00_00_00_00_03
MIG: 22:33:29 :  Invalid Param: DDR3_ADDR_MAP ==> 192'h000_000_039_038_037_036_035_034_033_032_031_029_028_027_026_02B
MIG: 22:33:29 :  Invalid Param: DDR3_BANK_MAP ==> 36'h02A_025_024
MIG: 22:33:29 :  Invalid Param: DDR3_CAS_MAP ==> 12'h022
MIG: 22:33:29 :  Invalid Param: DDR3_CKE_ODT_BYTE_MAP ==> 8'h00
MIG: 22:33:29 :  Invalid Param: DDR3_CKE_MAP ==> 96'h000_000_000_000_000_000_000_01B
MIG: 22:33:29 :  Invalid Param: DDR3_ODT_MAP ==> 96'h000_000_000_000_000_000_000_01A
MIG: 22:33:29 :  Invalid Param: DDR3_CS_MAP ==> 120'h000_000_000_000_000_000_000_000_000_020
MIG: 22:33:29 :  Invalid Param: DDR3_PARITY_MAP ==> 12'h000
MIG: 22:33:29 :  Invalid Param: DDR3_RAS_MAP ==> 12'h023
MIG: 22:33:29 :  Invalid Param: DDR3_WE_MAP ==> 12'h021
MIG: 22:33:29 :  Invalid Param: DDR3_DQS_BYTE_MAP ==> 144'h00_00_00_00_00_00_00_00_00_00_00_00_00_00_00_00_00_00
MIG: 22:33:29 :  Invalid Param: DDR3_DATA0_MAP ==> 96'h000_001_002_003_004_005_006_007
MIG: 22:33:29 :  Invalid Param: DDR3_DATA1_MAP ==> 96'h000_000_000_000_000_000_000_000
MIG: 22:33:29 :  Invalid Param: DDR3_DATA2_MAP ==> 96'h000_000_000_000_000_000_000_000
MIG: 22:33:29 :  Invalid Param: DDR3_DATA3_MAP ==> 96'h000_000_000_000_000_000_000_000
MIG: 22:33:29 :  Invalid Param: DDR3_DATA4_MAP ==> 96'h000_000_000_000_000_000_000_000
MIG: 22:33:29 :  Invalid Param: DDR3_DATA5_MAP ==> 96'h000_000_000_000_000_000_000_000
MIG: 22:33:29 :  Invalid Param: DDR3_DATA6_MAP ==> 96'h000_000_000_000_000_000_000_000
MIG: 22:33:29 :  Invalid Param: DDR3_DATA7_MAP ==> 96'h000_000_000_000_000_000_000_000
MIG: 22:33:29 :  Invalid Param: DDR3_DATA8_MAP ==> 96'h000_000_000_000_000_000_000_000
MIG: 22:33:29 :  Invalid Param: DDR3_DATA9_MAP ==> 96'h000_000_000_000_000_000_000_000
MIG: 22:33:29 :  Invalid Param: DDR3_DATA10_MAP ==> 96'h000_000_000_000_000_000_000_000
MIG: 22:33:29 :  Invalid Param: DDR3_DATA11_MAP ==> 96'h000_000_000_000_000_000_000_000
MIG: 22:33:29 :  Invalid Param: DDR3_DATA12_MAP ==> 96'h000_000_000_000_000_000_000_000
MIG: 22:33:29 :  Invalid Param: DDR3_DATA13_MAP ==> 96'h000_000_000_000_000_000_000_000
MIG: 22:33:29 :  Invalid Param: DDR3_DATA14_MAP ==> 96'h000_000_000_000_000_000_000_000
MIG: 22:33:29 :  Invalid Param: DDR3_DATA15_MAP ==> 96'h000_000_000_000_000_000_000_000
MIG: 22:33:29 :  Invalid Param: DDR3_DATA16_MAP ==> 96'h000_000_000_000_000_000_000_000
MIG: 22:33:29 :  Invalid Param: DDR3_DATA17_MAP ==> 96'h000_000_000_000_000_000_000_000
MIG: 22:33:29 :  Invalid Param: DDR3_MASK0_MAP ==> 108'h000_000_000_000_000_000_000_000_009
MIG: 22:33:29 :  Invalid Param: DDR3_MASK1_MAP ==> 108'h000_000_000_000_000_000_000_000_000
MIG: 22:33:29 :  Invalid Param: DDR3_SLOT_0_CONFIG ==> 8'b0000_0001
MIG: 22:33:29 :  Invalid Param: DDR3_SLOT_1_CONFIG ==> 8'b0000_0000
MIG: 22:33:29 :  Invalid Param: DDR3_IBUF_LPWR_MODE ==> "OFF"
MIG: 22:33:29 :  Invalid Param: DDR3_DATA_IO_IDLE_PWRDWN ==> "ON"
MIG: 22:33:29 :  Invalid Param: DDR3_BANK_TYPE ==> "HR_IO"
MIG: 22:33:29 :  Invalid Param: DDR3_DATA_IO_PRIM_TYPE ==> "HR_LP"
MIG: 22:33:29 :  Invalid Param: DDR3_CKE_ODT_AUX ==> "FALSE"
MIG: 22:33:29 :  Invalid Param: DDR3_USER_REFRESH ==> "OFF"
MIG: 22:33:29 :  Invalid Param: DDR3_WRLVL ==> "ON"
MIG: 22:33:29 :  Invalid Param: DDR3_ORDERING ==> "NORM"
MIG: 22:33:29 :  Invalid Param: DDR3_CALIB_ROW_ADD ==> 16'h0000
MIG: 22:33:29 :  Invalid Param: DDR3_CALIB_COL_ADD ==> 12'h000
MIG: 22:33:29 :  Invalid Param: DDR3_CALIB_BA_ADD ==> 3'h0
MIG: 22:33:29 :  Invalid Param: DDR3_TCQ ==> 100
MIG: 22:33:29 :  Invalid Param: DDR3_IDELAY_ADJ ==> "OFF"
MIG: 22:33:29 :  Invalid Param: DDR3_FINE_PER_BIT ==> "OFF"
MIG: 22:33:29 :  Invalid Param: DDR3_CENTER_COMP_MODE ==> "OFF"
MIG: 22:33:29 :  Invalid Param: DDR3_PI_VAL_ADJ ==> "OFF"
MIG: 22:33:29 :  Invalid Param: DDR3_IODELAY_GRP0 ==> "DESIGN_PS_PL_MIG_7SERIES_0_0_IODELAY_MIG0"
MIG: 22:33:29 :  Invalid Param: DDR3_IODELAY_GRP1 ==> "DESIGN_PS_PL_MIG_7SERIES_0_0_IODELAY_MIG1"
MIG: 22:33:29 :  Invalid Param: DDR3_SYSCLK_TYPE ==> "DIFFERENTIAL"
MIG: 22:33:29 :  Invalid Param: DDR3_REFCLK_TYPE ==> "DIFFERENTIAL"
MIG: 22:33:29 :  Invalid Param: DDR3_SYS_RST_PORT ==> "FALSE"
MIG: 22:33:29 :  Invalid Param: DDR3_FPGA_SPEED_GRADE ==> 1
MIG: 22:33:29 :  Invalid Param: DDR3_CMD_PIPE_PLUS1 ==> "ON"
MIG: 22:33:29 :  Invalid Param: DDR3_DRAM_TYPE ==> "DDR3"
MIG: 22:33:29 :  Invalid Param: DDR3_CAL_WIDTH ==> "HALF"
MIG: 22:33:29 :  Invalid Param: DDR3_STARVE_LIMIT ==> 2
MIG: 22:33:29 :  Invalid Param: DDR3_REF_CLK_MMCM_IODELAY_CTRL ==> "FALSE"
MIG: 22:33:29 :  Invalid Param: DDR3_REFCLK_FREQ ==> 200.0
MIG: 22:33:29 :  Invalid Param: DDR3_DIFF_TERM_REFCLK ==> "TRUE"
MIG: 22:33:29 :  Invalid Param: DDR3_tCK ==> 2500
MIG: 22:33:29 : 
MIG: 22:33:29 :  Valid Param: DDR3_nCK_PER_CLK ==> 4
MIG: 22:33:29 :  Invalid Param: DDR3_DIFF_TERM_SYSCLK ==> "FALSE"
MIG: 22:33:29 : 
MIG: 22:33:29 :  Valid Param: UI_EXTRA_CLOCKS ==> FALSE
MIG: 22:33:29 : 
MIG: 22:33:29 :  Valid Param: C_S_AXI_ID_WIDTH ==> 4
MIG: 22:33:29 : 
MIG: 22:33:29 :  Valid Param: C_S_AXI_MEM_SIZE ==> 134217728
MIG: 22:33:29 : 
MIG: 22:33:29 :  Valid Param: C_S_AXI_ADDR_WIDTH ==> 27
MIG: 22:33:29 : 
MIG: 22:33:29 :  Valid Param: C_S_AXI_DATA_WIDTH ==> 64
MIG: 22:33:29 :  Invalid Param: DDR3_C_MC_nCK_PER_CLK ==> 4
MIG: 22:33:29 :  Invalid Param: C_S_AXI_SUPPORTS_NARROW_BURST ==> 0
MIG: 22:33:29 :  Invalid Param: DDR3_C_RD_WR_ARB_ALGORITHM ==> "RD_PRI_REG"
MIG: 22:33:29 :  Invalid Param: C_S_AXI_REG_EN0 ==> 20'h00000
MIG: 22:33:29 :  Invalid Param: C_S_AXI_REG_EN1 ==> 20'h00000
MIG: 22:33:29 : 
MIG: 22:33:29 :  Valid Param: C_S_AXI_CTRL_ADDR_WIDTH ==> 32
MIG: 22:33:29 : 
MIG: 22:33:29 :  Valid Param: C_S_AXI_CTRL_DATA_WIDTH ==> 32
MIG: 22:33:29 :  Invalid Param: C_S_AXI_BASEADDR ==> 32'h0000_0000
MIG: 22:33:29 :  Invalid Param: C_ECC_ONOFF_RESET_VALUE ==> 1
MIG: 22:33:29 :  Invalid Param: C_ECC_CE_COUNTER_WIDTH ==> 8
MIG: 22:33:29 : 
MIG: 22:33:29 :  Valid Param: DDR3_DEBUG_PORT ==> OFF
MIG: 22:33:29 : 
MIG: 22:33:29 :  Invalid Param: DDR3_TEMP_MON_CONTROL ==> "INTERNAL"
MIG: 22:33:29 :  Invalid Param: DDR3_FPGA_VOLT_TYPE ==> "N"
MIG: 22:33:29 :  Invalid Param: DDR3_RST_ACT_LOW ==> 1
MIG: 22:33:29 : 
MIG: 22:33:29 : 
MIG: 22:33:29 : 
MIG: 22:33:29 : Same Interface
